<?xml version="1.0" encoding="UTF-8"?>
<!-- Generated by org.testng.reporters.JUnitReportReporter -->
<testsuite hostname="ACER" name="com.qa.test.Demo" tests="1" failures="0" timestamp="17 Feb 2020 13:06:01 GMT" time="0.022" errors="0">
  <testcase name="display" time="0.022" classname="com.qa.test.Demo"/>
</testsuite> <!-- com.qa.test.Demo -->
